[13:03:52] [main/INFO]: Environment: authHost='https://authserver.mojang.com', accountsHost='https://api.mojang.com', sessionHost='https://sessionserver.mojang.com', name='PROD'
[13:03:53] [main/WARN]: Ambiguity between arguments [teleport, destination] and [teleport, targets] with inputs: [Player, 0123, @e, dd12be42-52a9-4a91-a8a1-11c01849e498]
[13:03:53] [main/WARN]: Ambiguity between arguments [teleport, location] and [teleport, destination] with inputs: [0.1 -0.5 .9, 0 0 0]
[13:03:53] [main/WARN]: Ambiguity between arguments [teleport, location] and [teleport, targets] with inputs: [0.1 -0.5 .9, 0 0 0]
[13:03:53] [main/WARN]: Ambiguity between arguments [teleport, targets] and [teleport, destination] with inputs: [Player, 0123, dd12be42-52a9-4a91-a8a1-11c01849e498]
[13:03:53] [main/WARN]: Ambiguity between arguments [teleport, targets, location] and [teleport, targets, destination] with inputs: [0.1 -0.5 .9, 0 0 0]
[13:03:53] [main/INFO]: Reloading ResourceManager: Default
[13:03:54] [Worker-Main-12/INFO]: Loaded 7 recipes
[13:03:55] [Worker-Main-12/INFO]: Loaded 927 advancements
[13:03:56] [Server thread/INFO]: Starting minecraft server version 1.16.1
[13:03:56] [Server thread/INFO]: Loading properties
[13:03:56] [Server thread/INFO]: Default game type: SURVIVAL
[13:03:56] [Server thread/INFO]: Generating keypair
[13:03:56] [Server thread/INFO]: Starting Minecraft server on *:25565
[13:03:56] [Server thread/INFO]: Using default channel type
[13:03:59] [Server thread/WARN]: **** SERVER IS RUNNING IN OFFLINE/INSECURE MODE!
[13:03:59] [Server thread/WARN]: The server will make no attempt to authenticate usernames. Beware.
[13:03:59] [Server thread/WARN]: While this makes the game possible to play without internet access, it also opens up the ability for hackers to connect with any username they choose.
[13:03:59] [Server thread/WARN]: To change this, set "online-mode" to "true" in the server.properties file.
[13:03:59] [Server thread/INFO]: Preparing level "world"
[13:03:59] [Server thread/INFO]: Preparing start region for dimension minecraft:overworld
[13:04:02] [Server thread/INFO]: Preparing spawn area: 0%
[13:04:02] [Server thread/INFO]: Preparing spawn area: 0%
[13:04:02] [Server thread/INFO]: Preparing spawn area: 0%
[13:04:02] [Server thread/INFO]: Preparing spawn area: 0%
[13:04:02] [Server thread/INFO]: Preparing spawn area: 0%
[13:04:02] [Server thread/INFO]: Preparing spawn area: 0%
[13:04:03] [Server thread/INFO]: Time elapsed: 3336 ms
[13:04:03] [Server thread/INFO]: Done (3.565s)! For help, type "help"
[13:06:04] [Server thread/INFO]: ikesh[/127.0.0.1:60301] logged in with entity id 245 at (184.03177784858417, 70.0, -169.74252516005265)
[13:06:04] [Server thread/INFO]: ikesh joined the game
